[1016/095250.751:ERROR:process_memory_win.cc(73)] ReadMemory at 0x22583ffa500 of 72 bytes failed: Only part of a ReadProcessMemory or WriteProcessMemory request was completed. (0x12B)
[1016/095250.755:WARNING:pe_image_annotations_reader.cc(135)] could not read annotations list object in C:\Program Files (x86)\AVG\Browser\Application\85.0.5815.104\chrome_elf.dll
[1016/095250.755:ERROR:process_memory_win.cc(73)] ReadMemory at 0x22584037070 of 72 bytes failed: Only part of a ReadProcessMemory or WriteProcessMemory request was completed. (0x12B)
[1016/095250.755:WARNING:pe_image_annotations_reader.cc(135)] could not read annotations list object in C:\Program Files (x86)\AVG\Browser\Application\85.0.5815.104\chrome.dll
[1016/095250.755:ERROR:process_memory_win.cc(73)] ReadMemory at 0x7ffac14a0000 of 64 bytes failed: Only part of a ReadProcessMemory or WriteProcessMemory request was completed. (0x12B)
[1016/095250.755:WARNING:pe_image_reader.cc(340)] could not read dos header from C:\Windows\SYSTEM32\evr.dll
[1016/095250.755:ERROR:process_memory_win.cc(73)] ReadMemory at 0x7ff633a70000 of 64 bytes failed: Only part of a ReadProcessMemory or WriteProcessMemory request was completed. (0x12B)
[1016/095250.755:WARNING:pe_image_reader.cc(340)] could not read dos header from C:\Program Files (x86)\AVG\Browser\Application\AVGBrowser.exe
[1016/095250.755:ERROR:process_memory_win.cc(73)] ReadMemory at 0x7ffb1d740000 of 64 bytes failed: Only part of a ReadProcessMemory or WriteProcessMemory request was completed. (0x12B)
[1016/095250.755:WARNING:pe_image_reader.cc(340)] could not read dos header from C:\Windows\SYSTEM32\ntdll.dll
[1016/095250.755:ERROR:process_memory_win.cc(73)] ReadMemory at 0x7ffb1c2e0000 of 64 bytes failed: Only part of a ReadProcessMemory or WriteProcessMemory request was completed. (0x12B)
[1016/095250.755:WARNING:pe_image_reader.cc(340)] could not read dos header from C:\Windows\System32\KERNEL32.DLL
[1016/095250.755:ERROR:process_memory_win.cc(73)] ReadMemory at 0x7ffb1a780000 of 64 bytes failed: Only part of a ReadProcessMemory or WriteProcessMemory request was completed. (0x12B)
[1016/095250.755:WARNING:pe_image_reader.cc(340)] could not read dos header from C:\Windows\System32\KERNELBASE.dll
[1016/095250.755:ERROR:process_memory_win.cc(73)] ReadMemory at 0x7ffada870000 of 64 bytes failed: Only part of a ReadProcessMemory or WriteProcessMemory request was completed. (0x12B)
[1016/095250.755:WARNING:pe_image_reader.cc(340)] could not read dos header from C:\Program Files (x86)\AVG\Browser\Application\85.0.5815.104\chrome_elf.dll
[1016/095250.755:ERROR:process_memory_win.cc(73)] ReadMemory at 0x7ffb14230000 of 64 bytes failed: Only part of a ReadProcessMemory or WriteProcessMemory request was completed. (0x12B)
[1016/095250.755:WARNING:pe_image_reader.cc(340)] could not read dos header from C:\Windows\SYSTEM32\VERSION.dll
[1016/095250.755:ERROR:process_memory_win.cc(73)] ReadMemory at 0x7ffb1bce0000 of 64 bytes failed: Only part of a ReadProcessMemory or WriteProcessMemory request was completed. (0x12B)
[1016/095250.755:WARNING:pe_image_reader.cc(340)] could not read dos header from C:\Windows\System32\msvcrt.dll
[1016/095250.755:ERROR:process_memory_win.cc(73)] ReadMemory at 0x7ffb1b770000 of 64 bytes failed: Only part of a ReadProcessMemory or WriteProcessMemory request was completed. (0x12B)
[1016/095250.755:WARNING:pe_image_reader.cc(340)] could not read dos header from C:\Windows\System32\bcryptPrimitives.dll
[1016/095250.755:ERROR:process_memory_win.cc(73)] ReadMemory at 0x7ffb1ba80000 of 64 bytes failed: Only part of a ReadProcessMemory or WriteProcessMemory request was completed. (0x12B)
[1016/095250.755:WARNING:pe_image_reader.cc(340)] could not read dos header from C:\Windows\System32\ADVAPI32.dll
[1016/095250.755:ERROR:process_memory_win.cc(73)] ReadMemory at 0x7ffb1c1f0000 of 64 bytes failed: Only part of a ReadProcessMemory or WriteProcessMemory request was completed. (0x12B)
[1016/095250.755:WARNING:pe_image_reader.cc(340)] could not read dos header from C:\Windows\System32\sechost.dll
[1016/095250.755:ERROR:process_memory_win.cc(73)] ReadMemory at 0x7ffb1cce0000 of 64 bytes failed: Only part of a ReadProcessMemory or WriteProcessMemory request was completed. (0x12B)
[1016/095250.755:WARNING:pe_image_reader.cc(340)] could not read dos header from C:\Windows\System32\RPCRT4.dll
[1016/095250.755:ERROR:process_memory_win.cc(73)] ReadMemory at 0x7ffac1860000 of 64 bytes failed: Only part of a ReadProcessMemory or WriteProcessMemory request was completed. (0x12B)
[1016/095250.755:WARNING:pe_image_reader.cc(340)] could not read dos header from C:\Program Files (x86)\AVG\Browser\Application\85.0.5815.104\chrome.dll
[1016/095250.755:ERROR:process_memory_win.cc(73)] ReadMemory at 0x7ffb1d690000 of 64 bytes failed: Only part of a ReadProcessMemory or WriteProcessMemory request was completed. (0x12B)
[1016/095250.755:WARNING:pe_image_reader.cc(340)] could not read dos header from C:\Windows\System32\WS2_32.dll
[1016/095250.755:ERROR:process_memory_win.cc(73)] ReadMemory at 0x7ffb1c8d0000 of 64 bytes failed: Only part of a ReadProcessMemory or WriteProcessMemory request was completed. (0x12B)
[1016/095250.755:WARNING:pe_image_reader.cc(340)] could not read dos header from C:\Windows\System32\OLEAUT32.dll
[1016/095250.763:ERROR:process_memory_win.cc(73)] ReadMemory at 0x7ffb1b6d0000 of 64 bytes failed: Only part of a ReadProcessMemory or WriteProcessMemory request was completed. (0x12B)
[1016/095250.763:WARNING:pe_image_reader.cc(340)] could not read dos header from C:\Windows\System32\msvcp_win.dll
[1016/095250.763:ERROR:process_memory_win.cc(73)] ReadMemory at 0x7ffb1b5b0000 of 64 bytes failed: Only part of a ReadProcessMemory or WriteProcessMemory request was completed. (0x12B)
[1016/095250.763:WARNING:pe_image_reader.cc(340)] could not read dos header from C:\Windows\System32\ucrtbase.dll
[1016/095250.763:ERROR:process_memory_win.cc(73)] ReadMemory at 0x7ffb1c9a0000 of 64 bytes failed: Only part of a ReadProcessMemory or WriteProcessMemory request was completed. (0x12B)
[1016/095250.763:WARNING:pe_image_reader.cc(340)] could not read dos header from C:\Windows\System32\combase.dll
[1016/095250.763:ERROR:process_memory_win.cc(73)] ReadMemory at 0x7ffb1aa60000 of 64 bytes failed: Only part of a ReadProcessMemory or WriteProcessMemory request was completed. (0x12B)
[1016/095250.763:WARNING:pe_image_reader.cc(340)] could not read dos header from C:\Windows\System32\WINTRUST.dll
[1016/095250.763:ERROR:process_memory_win.cc(73)] ReadMemory at 0x7ffb1a610000 of 64 bytes failed: Only part of a ReadProcessMemory or WriteProcessMemory request was completed. (0x12B)
[1016/095250.763:WARNING:pe_image_reader.cc(340)] could not read dos header from C:\Windows\System32\MSASN1.dll
[1016/095250.763:ERROR:process_memory_win.cc(73)] ReadMemory at 0x7ffb1ac60000 of 64 bytes failed: Only part of a ReadProcessMemory or WriteProcessMemory request was completed. (0x12B)
[1016/095250.763:WARNING:pe_image_reader.cc(340)] could not read dos header from C:\Windows\System32\CRYPT32.dll
[1016/095250.763:ERROR:process_memory_win.cc(73)] ReadMemory at 0x7ffb19b60000 of 64 bytes failed: Only part of a ReadProcessMemory or WriteProcessMemory request was completed. (0x12B)
[1016/095250.763:WARNING:pe_image_reader.cc(340)] could not read dos header from C:\Windows\SYSTEM32\IPHLPAPI.DLL
[1016/095250.763:ERROR:process_memory_win.cc(73)] ReadMemory at 0x7ffb0a210000 of 64 bytes failed: Only part of a ReadProcessMemory or WriteProcessMemory request was completed. (0x12B)
[1016/095250.763:WARNING:pe_image_reader.cc(340)] could not read dos header from C:\Windows\SYSTEM32\WINMM.dll
[1016/095250.763:ERROR:process_memory_win.cc(73)] ReadMemory at 0x7ffae7600000 of 64 bytes failed: Only part of a ReadProcessMemory or WriteProcessMemory request was completed. (0x12B)
[1016/095250.763:WARNING:pe_image_reader.cc(340)] could not read dos header from C:\Windows\SYSTEM32\UIAutomationCore.DLL
[1016/095250.763:ERROR:process_memory_win.cc(73)] ReadMemory at 0x7ffb0e1e0000 of 64 bytes failed: Only part of a ReadProcessMemory or WriteProcessMemory request was completed. (0x12B)
[1016/095250.763:WARNING:pe_image_reader.cc(340)] could not read dos header from C:\Windows\SYSTEM32\Secur32.dll
[1016/095250.763:ERROR:process_memory_win.cc(73)] ReadMemory at 0x7ffb1a520000 of 64 bytes failed: Only part of a ReadProcessMemory or WriteProcessMemory request was completed. (0x12B)
[1016/095250.763:WARNING:pe_image_reader.cc(340)] could not read dos header from C:\Windows\SYSTEM32\USERENV.dll
[1016/095250.763:ERROR:process_memory_win.cc(73)] ReadMemory at 0x7ffb1a680000 of 64 bytes failed: Only part of a ReadProcessMemory or WriteProcessMemory request was completed. (0x12B)
[1016/095250.763:WARNING:pe_image_reader.cc(340)] could not read dos header from C:\Windows\System32\profapi.dll
[1016/095250.763:ERROR:process_memory_win.cc(73)] ReadMemory at 0x7ffb010c0000 of 64 bytes failed: Only part of a ReadProcessMemory or WriteProcessMemory request was completed. (0x12B)
[1016/095250.763:WARNING:pe_image_reader.cc(340)] could not read dos header from C:\Windows\SYSTEM32\DWrite.dll
[1016/095250.763:ERROR:process_memory_win.cc(73)] ReadMemory at 0x7ffaf3770000 of 64 bytes failed: Only part of a ReadProcessMemory or WriteProcessMemory request was completed. (0x12B)
[1016/095250.763:WARNING:pe_image_reader.cc(340)] could not read dos header from C:\Windows\SYSTEM32\WINSPOOL.DRV
[1016/095250.763:ERROR:process_memory_win.cc(73)] ReadMemory at 0x7ffb1a6b0000 of 64 bytes failed: Only part of a ReadProcessMemory or WriteProcessMemory request was completed. (0x12B)
[1016/095250.763:WARNING:pe_image_reader.cc(340)] could not read dos header from C:\Windows\System32\kernel.appcore.dll
[1016/095250.763:ERROR:process_memory_win.cc(73)] ReadMemory at 0x7ffb1aa30000 of 64 bytes failed: Only part of a ReadProcessMemory or WriteProcessMemory request was completed. (0x12B)
[1016/095250.763:WARNING:pe_image_reader.cc(340)] could not read dos header from C:\Windows\System32\bcrypt.dll
[1016/095250.763:ERROR:process_memory_win.cc(73)] ReadMemory at 0x7ffb18720000 of 64 bytes failed: Only part of a ReadProcessMemory or WriteProcessMemory request was completed. (0x12B)
[1016/095250.763:WARNING:pe_image_reader.cc(340)] could not read dos header from C:\Windows\SYSTEM32\dbghelp.dll
[1016/095250.763:ERROR:process_memory_win.cc(73)] ReadMemory at 0x7ffb0ff20000 of 64 bytes failed: Only part of a ReadProcessMemory or WriteProcessMemory request was completed. (0x12B)
[1016/095250.763:WARNING:pe_image_reader.cc(340)] could not read dos header from C:\Windows\SYSTEM32\WINHTTP.dll
[1016/095250.763:ERROR:process_memory_win.cc(73)] ReadMemory at 0x7ffb14a70000 of 64 bytes failed: Only part of a ReadProcessMemory or WriteProcessMemory request was completed. (0x12B)
[1016/095250.763:WARNING:pe_image_reader.cc(340)] could not read dos header from C:\Windows\SYSTEM32\dhcpcsvc.DLL
[1016/095250.763:ERROR:process_memory_win.cc(73)] ReadMemory at 0x7ffb1d680000 of 64 bytes failed: Only part of a ReadProcessMemory or WriteProcessMemory request was completed. (0x12B)
[1016/095250.763:WARNING:pe_image_reader.cc(340)] could not read dos header from C:\Windows\System32\NSI.dll
[1016/095250.763:ERROR:process_memory_win.cc(73)] ReadMemory at 0x7ffb0a1e0000 of 64 bytes failed: Only part of a ReadProcessMemory or WriteProcessMemory request was completed. (0x12B)
[1016/095250.763:WARNING:pe_image_reader.cc(340)] could not read dos header from C:\Windows\SYSTEM32\WINMMBASE.dll
[1016/095250.763:ERROR:process_memory_win.cc(73)] ReadMemory at 0x7ffb1b560000 of 64 bytes failed: Only part of a ReadProcessMemory or WriteProcessMemory request was completed. (0x12B)
[1016/095250.763:WARNING:pe_image_reader.cc(340)] could not read dos header from C:\Windows\System32\cfgmgr32.dll
[1016/095250.763:ERROR:process_memory_win.cc(73)] ReadMemory at 0x7ffb16890000 of 64 bytes failed: Only part of a ReadProcessMemory or WriteProcessMemory request was completed. (0x12B)
[1016/095250.763:WARNING:pe_image_reader.cc(340)] could not read dos header from C:\Windows\SYSTEM32\PROPSYS.dll
[1016/095250.763:ERROR:process_memory_win.cc(73)] ReadMemory at 0x7ffb1ce00000 of 64 bytes failed: Only part of a ReadProcessMemory or WriteProcessMemory request was completed. (0x12B)
[1016/095250.763:WARNING:pe_image_reader.cc(340)] could not read dos header from C:\Windows\System32\shcore.dll
[1016/095250.763:ERROR:process_memory_win.cc(73)] ReadMemory at 0x7ffb1a4e0000 of 64 bytes failed: Only part of a ReadProcessMemory or WriteProcessMemory request was completed. (0x12B)
[1016/095250.763:WARNING:pe_image_reader.cc(340)] could not read dos header from C:\Windows\SYSTEM32\SSPICLI.DLL
[1016/095250.763:ERROR:process_memory_win.cc(73)] ReadMemory at 0x7ffb1a020000 of 64 bytes failed: Only part of a ReadProcessMemory or WriteProcessMemory request was completed. (0x12B)
[1016/095250.763:WARNING:pe_image_reader.cc(340)] could not read dos header from C:\Windows\SYSTEM32\CRYPTBASE.DLL
[1016/095250.763:ERROR:process_memory_win.cc(73)] ReadMemory at 0x7ffb15fe0000 of 64 bytes failed: Only part of a ReadProcessMemory or WriteProcessMemory request was completed. (0x12B)
[1016/095250.763:WARNING:pe_image_reader.cc(340)] could not read dos header from C:\Windows\SYSTEM32\mfplat.dll
[1016/095250.763:ERROR:process_memory_win.cc(73)] ReadMemory at 0x7ffb15dd0000 of 64 bytes failed: Only part of a ReadProcessMemory or WriteProcessMemory request was completed. (0x12B)
[1016/095250.763:WARNING:pe_image_reader.cc(340)] could not read dos header from C:\Windows\SYSTEM32\RTWorkQ.DLL
[1016/095250.763:ERROR:process_memory_win.cc(73)] ReadMemory at 0x7ffad9b00000 of 64 bytes failed: Only part of a ReadProcessMemory or WriteProcessMemory request was completed. (0x12B)
[1016/095250.763:WARNING:pe_image_reader.cc(340)] could not read dos header from C:\Windows\SYSTEM32\msmpeg2vdec.dll
[1016/095250.763:ERROR:process_memory_win.cc(73)] ReadMemory at 0x7ffb1b6b0000 of 64 bytes failed: Only part of a ReadProcessMemory or WriteProcessMemory request was completed. (0x12B)
[1016/095250.763:WARNING:pe_image_reader.cc(340)] could not read dos header from C:\Windows\System32\cryptsp.dll
[1016/095250.763:ERROR:process_memory_win.cc(73)] ReadMemory at 0x7ffad99d0000 of 64 bytes failed: Only part of a ReadProcessMemory or WriteProcessMemory request was completed. (0x12B)
[1016/095250.763:WARNING:pe_image_reader.cc(340)] could not read dos header from C:\Windows\SYSTEM32\mfperfhelper.dll
[1016/095250.763:ERROR:process_memory_win.cc(73)] ReadMemory at 0x7ffac14a0000 of 64 bytes failed: Only part of a ReadProcessMemory or WriteProcessMemory request was completed. (0x12B)
[1016/095250.763:WARNING:pe_image_reader.cc(340)] could not read dos header from C:\Windows\SYSTEM32\evr.dll
[1016/095250.763:ERROR:process_memory_win.cc(73)] ReadMemory at 0x7ffb1a630000 of 64 bytes failed: Only part of a ReadProcessMemory or WriteProcessMemory request was completed. (0x12B)
[1016/095250.763:WARNING:pe_image_reader.cc(340)] could not read dos header from C:\Windows\System32\powrprof.dll
[1016/095250.763:ERROR:process_memory_win.cc(73)] ReadMemory at 0x7ffb1a600000 of 64 bytes failed: Only part of a ReadProcessMemory or WriteProcessMemory request was completed. (0x12B)
[1016/095250.763:WARNING:pe_image_reader.cc(340)] could not read dos header from C:\Windows\System32\UMPDC.dll
[1016/095250.763:ERROR:process_memory_win.cc(73)] ReadMemory at 0x7ffad97e0000 of 64 bytes failed: Only part of a ReadProcessMemory or WriteProcessMemory request was completed. (0x12B)
[1016/095250.763:WARNING:pe_image_reader.cc(340)] could not read dos header from C:\Windows\SYSTEM32\msauddecmft.dll
[1016/095250.763:ERROR:process_memory_win.cc(73)] ReadMemory at 0x7ff633a70000 of 64 bytes failed: Only part of a ReadProcessMemory or WriteProcessMemory request was completed. (0x12B)
[1016/095250.763:WARNING:pe_image_reader.cc(340)] could not read dos header from C:\Program Files (x86)\AVG\Browser\Application\AVGBrowser.exe
[1016/095250.763:ERROR:process_memory_win.cc(73)] ReadMemory at 0x7ffb1d740000 of 64 bytes failed: Only part of a ReadProcessMemory or WriteProcessMemory request was completed. (0x12B)
[1016/095250.763:WARNING:pe_image_reader.cc(340)] could not read dos header from C:\Windows\SYSTEM32\ntdll.dll
[1016/095250.763:ERROR:process_memory_win.cc(73)] ReadMemory at 0x7ffb1c2e0000 of 64 bytes failed: Only part of a ReadProcessMemory or WriteProcessMemory request was completed. (0x12B)
[1016/095250.763:WARNING:pe_image_reader.cc(340)] could not read dos header from C:\Windows\System32\KERNEL32.DLL
[1016/095250.763:ERROR:process_memory_win.cc(73)] ReadMemory at 0x7ffb1a780000 of 64 bytes failed: Only part of a ReadProcessMemory or WriteProcessMemory request was completed. (0x12B)
[1016/095250.763:WARNING:pe_image_reader.cc(340)] could not read dos header from C:\Windows\System32\KERNELBASE.dll
[1016/095250.763:ERROR:process_memory_win.cc(73)] ReadMemory at 0x7ffada870000 of 64 bytes failed: Only part of a ReadProcessMemory or WriteProcessMemory request was completed. (0x12B)
[1016/095250.763:WARNING:pe_image_reader.cc(340)] could not read dos header from C:\Program Files (x86)\AVG\Browser\Application\85.0.5815.104\chrome_elf.dll
[1016/095250.763:ERROR:process_memory_win.cc(73)] ReadMemory at 0x7ffb14230000 of 64 bytes failed: Only part of a ReadProcessMemory or WriteProcessMemory request was completed. (0x12B)
[1016/095250.763:WARNING:pe_image_reader.cc(340)] could not read dos header from C:\Windows\SYSTEM32\VERSION.dll
[1016/095250.763:ERROR:process_memory_win.cc(73)] ReadMemory at 0x7ffb1bce0000 of 64 bytes failed: Only part of a ReadProcessMemory or WriteProcessMemory request was completed. (0x12B)
[1016/095250.763:WARNING:pe_image_reader.cc(340)] could not read dos header from C:\Windows\System32\msvcrt.dll
[1016/095250.763:ERROR:process_memory_win.cc(73)] ReadMemory at 0x7ffb1b770000 of 64 bytes failed: Only part of a ReadProcessMemory or WriteProcessMemory request was completed. (0x12B)
[1016/095250.763:WARNING:pe_image_reader.cc(340)] could not read dos header from C:\Windows\System32\bcryptPrimitives.dll
[1016/095250.763:ERROR:process_memory_win.cc(73)] ReadMemory at 0x7ffb1ba80000 of 64 bytes failed: Only part of a ReadProcessMemory or WriteProcessMemory request was completed. (0x12B)
[1016/095250.763:WARNING:pe_image_reader.cc(340)] could not read dos header from C:\Windows\System32\ADVAPI32.dll
[1016/095250.763:ERROR:process_memory_win.cc(73)] ReadMemory at 0x7ffb1c1f0000 of 64 bytes failed: Only part of a ReadProcessMemory or WriteProcessMemory request was completed. (0x12B)
[1016/095250.763:WARNING:pe_image_reader.cc(340)] could not read dos header from C:\Windows\System32\sechost.dll
[1016/095250.763:ERROR:process_memory_win.cc(73)] ReadMemory at 0x7ffb1cce0000 of 64 bytes failed: Only part of a ReadProcessMemory or WriteProcessMemory request was completed. (0x12B)
[1016/095250.763:WARNING:pe_image_reader.cc(340)] could not read dos header from C:\Windows\System32\RPCRT4.dll
[1016/095250.763:ERROR:process_memory_win.cc(73)] ReadMemory at 0x7ffac1860000 of 64 bytes failed: Only part of a ReadProcessMemory or WriteProcessMemory request was completed. (0x12B)
[1016/095250.763:WARNING:pe_image_reader.cc(340)] could not read dos header from C:\Program Files (x86)\AVG\Browser\Application\85.0.5815.104\chrome.dll
[1016/095250.763:ERROR:process_memory_win.cc(73)] ReadMemory at 0x7ffb1d690000 of 64 bytes failed: Only part of a ReadProcessMemory or WriteProcessMemory request was completed. (0x12B)
[1016/095250.763:WARNING:pe_image_reader.cc(340)] could not read dos header from C:\Windows\System32\WS2_32.dll
[1016/095250.763:ERROR:process_memory_win.cc(73)] ReadMemory at 0x7ffb1c8d0000 of 64 bytes failed: Only part of a ReadProcessMemory or WriteProcessMemory request was completed. (0x12B)
[1016/095250.763:WARNING:pe_image_reader.cc(340)] could not read dos header from C:\Windows\System32\OLEAUT32.dll
[1016/095250.763:ERROR:process_memory_win.cc(73)] ReadMemory at 0x7ffb1b6d0000 of 64 bytes failed: Only part of a ReadProcessMemory or WriteProcessMemory request was completed. (0x12B)
[1016/095250.763:WARNING:pe_image_reader.cc(340)] could not read dos header from C:\Windows\System32\msvcp_win.dll
[1016/095250.763:ERROR:process_memory_win.cc(73)] ReadMemory at 0x7ffb1b5b0000 of 64 bytes failed: Only part of a ReadProcessMemory or WriteProcessMemory request was completed. (0x12B)
[1016/095250.763:WARNING:pe_image_reader.cc(340)] could not read dos header from C:\Windows\System32\ucrtbase.dll
[1016/095250.763:ERROR:process_memory_win.cc(73)] ReadMemory at 0x7ffb1c9a0000 of 64 bytes failed: Only part of a ReadProcessMemory or WriteProcessMemory request was completed. (0x12B)
[1016/095250.763:WARNING:pe_image_reader.cc(340)] could not read dos header from C:\Windows\System32\combase.dll
[1016/095250.763:ERROR:process_memory_win.cc(73)] ReadMemory at 0x7ffb1aa60000 of 64 bytes failed: Only part of a ReadProcessMemory or WriteProcessMemory request was completed. (0x12B)
[1016/095250.763:WARNING:pe_image_reader.cc(340)] could not read dos header from C:\Windows\System32\WINTRUST.dll
[1016/095250.763:ERROR:process_memory_win.cc(73)] ReadMemory at 0x7ffb1a610000 of 64 bytes failed: Only part of a ReadProcessMemory or WriteProcessMemory request was completed. (0x12B)
[1016/095250.763:WARNING:pe_image_reader.cc(340)] could not read dos header from C:\Windows\System32\MSASN1.dll
[1016/095250.763:ERROR:process_memory_win.cc(73)] ReadMemory at 0x7ffb1ac60000 of 64 bytes failed: Only part of a ReadProcessMemory or WriteProcessMemory request was completed. (0x12B)
[1016/095250.763:WARNING:pe_image_reader.cc(340)] could not read dos header from C:\Windows\System32\CRYPT32.dll
[1016/095250.763:ERROR:process_memory_win.cc(73)] ReadMemory at 0x7ffb19b60000 of 64 bytes failed: Only part of a ReadProcessMemory or WriteProcessMemory request was completed. (0x12B)
[1016/095250.763:WARNING:pe_image_reader.cc(340)] could not read dos header from C:\Windows\SYSTEM32\IPHLPAPI.DLL
[1016/095250.763:ERROR:process_memory_win.cc(73)] ReadMemory at 0x7ffb0a210000 of 64 bytes failed: Only part of a ReadProcessMemory or WriteProcessMemory request was completed. (0x12B)
[1016/095250.763:WARNING:pe_image_reader.cc(340)] could not read dos header from C:\Windows\SYSTEM32\WINMM.dll
[1016/095250.763:ERROR:process_memory_win.cc(73)] ReadMemory at 0x7ffae7600000 of 64 bytes failed: Only part of a ReadProcessMemory or WriteProcessMemory request was completed. (0x12B)
[1016/095250.763:WARNING:pe_image_reader.cc(340)] could not read dos header from C:\Windows\SYSTEM32\UIAutomationCore.DLL
[1016/095250.763:ERROR:process_memory_win.cc(73)] ReadMemory at 0x7ffb0e1e0000 of 64 bytes failed: Only part of a ReadProcessMemory or WriteProcessMemory request was completed. (0x12B)
[1016/095250.763:WARNING:pe_image_reader.cc(340)] could not read dos header from C:\Windows\SYSTEM32\Secur32.dll
[1016/095250.763:ERROR:process_memory_win.cc(73)] ReadMemory at 0x7ffb1a520000 of 64 bytes failed: Only part of a ReadProcessMemory or WriteProcessMemory request was completed. (0x12B)
[1016/095250.763:WARNING:pe_image_reader.cc(340)] could not read dos header from C:\Windows\SYSTEM32\USERENV.dll
[1016/095250.763:ERROR:process_memory_win.cc(73)] ReadMemory at 0x7ffb1a680000 of 64 bytes failed: Only part of a ReadProcessMemory or WriteProcessMemory request was completed. (0x12B)
[1016/095250.763:WARNING:pe_image_reader.cc(340)] could not read dos header from C:\Windows\System32\profapi.dll
[1016/095250.763:ERROR:process_memory_win.cc(73)] ReadMemory at 0x7ffb010c0000 of 64 bytes failed: Only part of a ReadProcessMemory or WriteProcessMemory request was completed. (0x12B)
[1016/095250.763:WARNING:pe_image_reader.cc(340)] could not read dos header from C:\Windows\SYSTEM32\DWrite.dll
[1016/095250.763:ERROR:process_memory_win.cc(73)] ReadMemory at 0x7ffaf3770000 of 64 bytes failed: Only part of a ReadProcessMemory or WriteProcessMemory request was completed. (0x12B)
[1016/095250.763:WARNING:pe_image_reader.cc(340)] could not read dos header from C:\Windows\SYSTEM32\WINSPOOL.DRV
[1016/095250.763:ERROR:process_memory_win.cc(73)] ReadMemory at 0x7ffb1a6b0000 of 64 bytes failed: Only part of a ReadProcessMemory or WriteProcessMemory request was completed. (0x12B)
[1016/095250.763:WARNING:pe_image_reader.cc(340)] could not read dos header from C:\Windows\System32\kernel.appcore.dll
[1016/095250.763:ERROR:process_memory_win.cc(73)] ReadMemory at 0x7ffb1aa30000 of 64 bytes failed: Only part of a ReadProcessMemory or WriteProcessMemory request was completed. (0x12B)
[1016/095250.763:WARNING:pe_image_reader.cc(340)] could not read dos header from C:\Windows\System32\bcrypt.dll
[1016/095250.763:ERROR:process_memory_win.cc(73)] ReadMemory at 0x7ffb18720000 of 64 bytes failed: Only part of a ReadProcessMemory or WriteProcessMemory request was completed. (0x12B)
[1016/095250.763:WARNING:pe_image_reader.cc(340)] could not read dos header from C:\Windows\SYSTEM32\dbghelp.dll
[1016/095250.763:ERROR:process_memory_win.cc(73)] ReadMemory at 0x7ffb0ff20000 of 64 bytes failed: Only part of a ReadProcessMemory or WriteProcessMemory request was completed. (0x12B)
[1016/095250.763:WARNING:pe_image_reader.cc(340)] could not read dos header from C:\Windows\SYSTEM32\WINHTTP.dll
[1016/095250.763:ERROR:process_memory_win.cc(73)] ReadMemory at 0x7ffb14a70000 of 64 bytes failed: Only part of a ReadProcessMemory or WriteProcessMemory request was completed. (0x12B)
[1016/095250.763:WARNING:pe_image_reader.cc(340)] could not read dos header from C:\Windows\SYSTEM32\dhcpcsvc.DLL
[1016/095250.763:ERROR:process_memory_win.cc(73)] ReadMemory at 0x7ffb1d680000 of 64 bytes failed: Only part of a ReadProcessMemory or WriteProcessMemory request was completed. (0x12B)
[1016/095250.763:WARNING:pe_image_reader.cc(340)] could not read dos header from C:\Windows\System32\NSI.dll
[1016/095250.763:ERROR:process_memory_win.cc(73)] ReadMemory at 0x7ffb0a1e0000 of 64 bytes failed: Only part of a ReadProcessMemory or WriteProcessMemory request was completed. (0x12B)
[1016/095250.763:WARNING:pe_image_reader.cc(340)] could not read dos header from C:\Windows\SYSTEM32\WINMMBASE.dll
[1016/095250.763:ERROR:process_memory_win.cc(73)] ReadMemory at 0x7ffb1b560000 of 64 bytes failed: Only part of a ReadProcessMemory or WriteProcessMemory request was completed. (0x12B)
[1016/095250.763:WARNING:pe_image_reader.cc(340)] could not read dos header from C:\Windows\System32\cfgmgr32.dll
[1016/095250.763:ERROR:process_memory_win.cc(73)] ReadMemory at 0x7ffb16890000 of 64 bytes failed: Only part of a ReadProcessMemory or WriteProcessMemory request was completed. (0x12B)
[1016/095250.763:WARNING:pe_image_reader.cc(340)] could not read dos header from C:\Windows\SYSTEM32\PROPSYS.dll
[1016/095250.763:ERROR:process_memory_win.cc(73)] ReadMemory at 0x7ffb1ce00000 of 64 bytes failed: Only part of a ReadProcessMemory or WriteProcessMemory request was completed. (0x12B)
[1016/095250.763:WARNING:pe_image_reader.cc(340)] could not read dos header from C:\Windows\System32\shcore.dll
[1016/095250.763:ERROR:process_memory_win.cc(73)] ReadMemory at 0x7ffb1a4e0000 of 64 bytes failed: Only part of a ReadProcessMemory or WriteProcessMemory request was completed. (0x12B)
[1016/095250.763:WARNING:pe_image_reader.cc(340)] could not read dos header from C:\Windows\SYSTEM32\SSPICLI.DLL
[1016/095250.763:ERROR:process_memory_win.cc(73)] ReadMemory at 0x7ffb1a020000 of 64 bytes failed: Only part of a ReadProcessMemory or WriteProcessMemory request was completed. (0x12B)
[1016/095250.763:WARNING:pe_image_reader.cc(340)] could not read dos header from C:\Windows\SYSTEM32\CRYPTBASE.DLL
[1016/095250.763:ERROR:process_memory_win.cc(73)] ReadMemory at 0x7ffb15fe0000 of 64 bytes failed: Only part of a ReadProcessMemory or WriteProcessMemory request was completed. (0x12B)
[1016/095250.763:WARNING:pe_image_reader.cc(340)] could not read dos header from C:\Windows\SYSTEM32\mfplat.dll
[1016/095250.763:ERROR:process_memory_win.cc(73)] ReadMemory at 0x7ffb15dd0000 of 64 bytes failed: Only part of a ReadProcessMemory or WriteProcessMemory request was completed. (0x12B)
[1016/095250.763:WARNING:pe_image_reader.cc(340)] could not read dos header from C:\Windows\SYSTEM32\RTWorkQ.DLL
[1016/095250.763:ERROR:process_memory_win.cc(73)] ReadMemory at 0x7ffad9b00000 of 64 bytes failed: Only part of a ReadProcessMemory or WriteProcessMemory request was completed. (0x12B)
[1016/095250.763:WARNING:pe_image_reader.cc(340)] could not read dos header from C:\Windows\SYSTEM32\msmpeg2vdec.dll
[1016/095250.763:ERROR:process_memory_win.cc(73)] ReadMemory at 0x7ffb1b6b0000 of 64 bytes failed: Only part of a ReadProcessMemory or WriteProcessMemory request was completed. (0x12B)
[1016/095250.763:WARNING:pe_image_reader.cc(340)] could not read dos header from C:\Windows\System32\cryptsp.dll
[1016/095250.763:ERROR:process_memory_win.cc(73)] ReadMemory at 0x7ffad99d0000 of 64 bytes failed: Only part of a ReadProcessMemory or WriteProcessMemory request was completed. (0x12B)
[1016/095250.763:WARNING:pe_image_reader.cc(340)] could not read dos header from C:\Windows\SYSTEM32\mfperfhelper.dll
[1016/095250.763:ERROR:process_memory_win.cc(73)] ReadMemory at 0x7ffac14a0000 of 64 bytes failed: Only part of a ReadProcessMemory or WriteProcessMemory request was completed. (0x12B)
[1016/095250.763:WARNING:pe_image_reader.cc(340)] could not read dos header from C:\Windows\SYSTEM32\evr.dll
[1016/095250.763:ERROR:process_memory_win.cc(73)] ReadMemory at 0x7ffb1a630000 of 64 bytes failed: Only part of a ReadProcessMemory or WriteProcessMemory request was completed. (0x12B)
[1016/095250.763:WARNING:pe_image_reader.cc(340)] could not read dos header from C:\Windows\System32\powrprof.dll
[1016/095250.763:ERROR:process_memory_win.cc(73)] ReadMemory at 0x7ffb1a600000 of 64 bytes failed: Only part of a ReadProcessMemory or WriteProcessMemory request was completed. (0x12B)
[1016/095250.763:WARNING:pe_image_reader.cc(340)] could not read dos header from C:\Windows\System32\UMPDC.dll
[1016/095250.763:ERROR:process_memory_win.cc(73)] ReadMemory at 0x7ffad97e0000 of 64 bytes failed: Only part of a ReadProcessMemory or WriteProcessMemory request was completed. (0x12B)
[1016/095250.763:WARNING:pe_image_reader.cc(340)] could not read dos header from C:\Windows\SYSTEM32\msauddecmft.dll
[1016/095250.779:ERROR:process_memory_win.cc(73)] ReadMemory at 0x4c241f4000 of 49152 bytes failed: Only part of a ReadProcessMemory or WriteProcessMemory request was completed. (0x12B)
[1016/095250.779:ERROR:process_memory_win.cc(73)] ReadMemory at 0x4c249fd000 of 12288 bytes failed: Only part of a ReadProcessMemory or WriteProcessMemory request was completed. (0x12B)
[1016/095250.779:ERROR:process_memory_win.cc(73)] ReadMemory at 0x4c251fd000 of 12288 bytes failed: Only part of a ReadProcessMemory or WriteProcessMemory request was completed. (0x12B)
[1016/095250.779:ERROR:process_memory_win.cc(73)] ReadMemory at 0x4c259fd000 of 12288 bytes failed: Only part of a ReadProcessMemory or WriteProcessMemory request was completed. (0x12B)
[1016/095250.779:ERROR:process_memory_win.cc(73)] ReadMemory at 0x4c261fc000 of 16384 bytes failed: Only part of a ReadProcessMemory or WriteProcessMemory request was completed. (0x12B)
[1016/095250.779:ERROR:process_memory_win.cc(73)] ReadMemory at 0x4c269fe000 of 8192 bytes failed: Only part of a ReadProcessMemory or WriteProcessMemory request was completed. (0x12B)
[1016/095250.779:ERROR:process_memory_win.cc(73)] ReadMemory at 0x4c271fc000 of 16384 bytes failed: Only part of a ReadProcessMemory or WriteProcessMemory request was completed. (0x12B)
[1016/095250.779:ERROR:process_memory_win.cc(73)] ReadMemory at 0x4c279fd000 of 12288 bytes failed: Only part of a ReadProcessMemory or WriteProcessMemory request was completed. (0x12B)
[1016/095250.779:ERROR:process_memory_win.cc(73)] ReadMemory at 0x4c281fc000 of 16384 bytes failed: Only part of a ReadProcessMemory or WriteProcessMemory request was completed. (0x12B)
[1016/095250.779:ERROR:process_memory_win.cc(73)] ReadMemory at 0x4c289fd000 of 12288 bytes failed: Only part of a ReadProcessMemory or WriteProcessMemory request was completed. (0x12B)
[1016/095250.779:ERROR:process_memory_win.cc(73)] ReadMemory at 0x4c291fd000 of 12288 bytes failed: Only part of a ReadProcessMemory or WriteProcessMemory request was completed. (0x12B)
[1016/095250.779:ERROR:process_memory_win.cc(73)] ReadMemory at 0x4c299fd000 of 12288 bytes failed: Only part of a ReadProcessMemory or WriteProcessMemory request was completed. (0x12B)
[1016/095250.779:ERROR:process_memory_win.cc(73)] ReadMemory at 0x4c2a1fd000 of 12288 bytes failed: Only part of a ReadProcessMemory or WriteProcessMemory request was completed. (0x12B)
[1016/095250.779:ERROR:process_memory_win.cc(73)] ReadMemory at 0x4c2a9fd000 of 12288 bytes failed: Only part of a ReadProcessMemory or WriteProcessMemory request was completed. (0x12B)
[1016/095250.779:ERROR:process_memory_win.cc(73)] ReadMemory at 0x4c2b1fd000 of 12288 bytes failed: Only part of a ReadProcessMemory or WriteProcessMemory request was completed. (0x12B)
[1016/095250.779:ERROR:process_memory_win.cc(73)] ReadMemory at 0x4c2b9fd000 of 12288 bytes failed: Only part of a ReadProcessMemory or WriteProcessMemory request was completed. (0x12B)
[1016/095250.779:ERROR:process_memory_win.cc(73)] ReadMemory at 0x4c2c1fd000 of 12288 bytes failed: Only part of a ReadProcessMemory or WriteProcessMemory request was completed. (0x12B)
[1016/095250.779:ERROR:process_memory_win.cc(73)] ReadMemory at 0x4c2c9fd000 of 12288 bytes failed: Only part of a ReadProcessMemory or WriteProcessMemory request was completed. (0x12B)
[1016/095250.779:ERROR:process_memory_win.cc(73)] ReadMemory at 0x4c23820000 of 852 bytes failed: Only part of a ReadProcessMemory or WriteProcessMemory request was completed. (0x12B)
[1016/095250.779:ERROR:process_memory_win.cc(73)] ReadMemory at 0x4c23821000 of 6024 bytes failed: Only part of a ReadProcessMemory or WriteProcessMemory request was completed. (0x12B)
[1016/095250.779:ERROR:process_memory_win.cc(73)] ReadMemory at 0x4c23823000 of 6024 bytes failed: Only part of a ReadProcessMemory or WriteProcessMemory request was completed. (0x12B)
[1016/095250.779:ERROR:process_memory_win.cc(73)] ReadMemory at 0x4c23825000 of 6024 bytes failed: Only part of a ReadProcessMemory or WriteProcessMemory request was completed. (0x12B)
[1016/095250.779:ERROR:process_memory_win.cc(73)] ReadMemory at 0x4c23827000 of 6024 bytes failed: Only part of a ReadProcessMemory or WriteProcessMemory request was completed. (0x12B)
[1016/095250.779:ERROR:process_memory_win.cc(73)] ReadMemory at 0x4c23829000 of 6024 bytes failed: Only part of a ReadProcessMemory or WriteProcessMemory request was completed. (0x12B)
[1016/095250.779:ERROR:process_memory_win.cc(73)] ReadMemory at 0x4c2382b000 of 6024 bytes failed: Only part of a ReadProcessMemory or WriteProcessMemory request was completed. (0x12B)
[1016/095250.779:ERROR:process_memory_win.cc(73)] ReadMemory at 0x4c2382d000 of 6024 bytes failed: Only part of a ReadProcessMemory or WriteProcessMemory request was completed. (0x12B)
[1016/095250.779:ERROR:process_memory_win.cc(73)] ReadMemory at 0x4c2382f000 of 6024 bytes failed: Only part of a ReadProcessMemory or WriteProcessMemory request was completed. (0x12B)
[1016/095250.779:ERROR:process_memory_win.cc(73)] ReadMemory at 0x4c23831000 of 6024 bytes failed: Only part of a ReadProcessMemory or WriteProcessMemory request was completed. (0x12B)
[1016/095250.779:ERROR:process_memory_win.cc(73)] ReadMemory at 0x4c23833000 of 6024 bytes failed: Only part of a ReadProcessMemory or WriteProcessMemory request was completed. (0x12B)
[1016/095250.779:ERROR:process_memory_win.cc(73)] ReadMemory at 0x4c23835000 of 6024 bytes failed: Only part of a ReadProcessMemory or WriteProcessMemory request was completed. (0x12B)
[1016/095250.779:ERROR:process_memory_win.cc(73)] ReadMemory at 0x4c23837000 of 6024 bytes failed: Only part of a ReadProcessMemory or WriteProcessMemory request was completed. (0x12B)
[1016/095250.779:ERROR:process_memory_win.cc(73)] ReadMemory at 0x4c23839000 of 6024 bytes failed: Only part of a ReadProcessMemory or WriteProcessMemory request was completed. (0x12B)
[1016/095250.779:ERROR:process_memory_win.cc(73)] ReadMemory at 0x4c2383b000 of 6024 bytes failed: Only part of a ReadProcessMemory or WriteProcessMemory request was completed. (0x12B)
[1016/095250.779:ERROR:process_memory_win.cc(73)] ReadMemory at 0x4c2383d000 of 6024 bytes failed: Only part of a ReadProcessMemory or WriteProcessMemory request was completed. (0x12B)
[1016/095250.779:ERROR:process_memory_win.cc(73)] ReadMemory at 0x4c2383f000 of 6024 bytes failed: Only part of a ReadProcessMemory or WriteProcessMemory request was completed. (0x12B)
[1016/095250.779:ERROR:process_memory_win.cc(73)] ReadMemory at 0x4c23841000 of 6024 bytes failed: Only part of a ReadProcessMemory or WriteProcessMemory request was completed. (0x12B)
[1016/095250.779:ERROR:process_memory_win.cc(73)] ReadMemory at 0x4c23843000 of 6024 bytes failed: Only part of a ReadProcessMemory or WriteProcessMemory request was completed. (0x12B)
[1016/095250.779:ERROR:process_memory_win.cc(73)] ReadMemory at 0x22583ff0000 of 384 bytes failed: Only part of a ReadProcessMemory or WriteProcessMemory request was completed. (0x12B)
[1016/095250.779:ERROR:process_memory_win.cc(73)] ReadMemory at 0x22583ff0fe0 of 4004 bytes failed: Only part of a ReadProcessMemory or WriteProcessMemory request was completed. (0x12B)
[1016/095250.779:ERROR:process_memory_win.cc(73)] ReadMemory at 0x22583ff1f90 of 1012 bytes failed: Only part of a ReadProcessMemory or WriteProcessMemory request was completed. (0x12B)
[1016/095250.779:ERROR:process_memory_win.cc(73)] ReadMemory at 0x22583ff25d8 of 122 bytes failed: Only part of a ReadProcessMemory or WriteProcessMemory request was completed. (0x12B)
[1016/095250.779:ERROR:process_memory_win.cc(73)] ReadMemory at 0x22583ff2654 of 766 bytes failed: Only part of a ReadProcessMemory or WriteProcessMemory request was completed. (0x12B)
[1016/095250.779:ERROR:process_memory_win.cc(73)] ReadMemory at 0x22583ff2954 of 122 bytes failed: Only part of a ReadProcessMemory or WriteProcessMemory request was completed. (0x12B)
[1016/095250.779:ERROR:process_memory_win.cc(73)] ReadMemory at 0x22583ff29d0 of 96 bytes failed: Only part of a ReadProcessMemory or WriteProcessMemory request was completed. (0x12B)
[1016/095250.779:ERROR:process_memory_win.cc(73)] ReadMemory at 0x22583ff2a40 of 58 bytes failed: Only part of a ReadProcessMemory or WriteProcessMemory request was completed. (0x12B)
[1016/095250.779:ERROR:process_memory_win.cc(73)] ReadMemory at 0x22583ff2b40 of 132 bytes failed: Only part of a ReadProcessMemory or WriteProcessMemory request was completed. (0x12B)
[1016/095250.779:ERROR:process_memory_win.cc(73)] ReadMemory at 0x22583ff2cd0 of 132 bytes failed: Only part of a ReadProcessMemory or WriteProcessMemory request was completed. (0x12B)
[1016/095250.779:ERROR:process_memory_win.cc(73)] ReadMemory at 0x22583ff2e90 of 122 bytes failed: Only part of a ReadProcessMemory or WriteProcessMemory request was completed. (0x12B)
[1016/095250.779:ERROR:process_memory_win.cc(73)] ReadMemory at 0x22583ff3270 of 132 bytes failed: Only part of a ReadProcessMemory or WriteProcessMemory request was completed. (0x12B)
[1016/095250.779:ERROR:process_memory_win.cc(73)] ReadMemory at 0x22583ff3400 of 64 bytes failed: Only part of a ReadProcessMemory or WriteProcessMemory request was completed. (0x12B)
[1016/095250.779:ERROR:process_memory_win.cc(73)] ReadMemory at 0x22583ff35b0 of 132 bytes failed: Only part of a ReadProcessMemory or WriteProcessMemory request was completed. (0x12B)
[1016/095250.779:ERROR:process_memory_win.cc(73)] ReadMemory at 0x22583ff3860 of 132 bytes failed: Only part of a ReadProcessMemory or WriteProcessMemory request was completed. (0x12B)
[1016/095250.779:ERROR:process_memory_win.cc(73)] ReadMemory at 0x22583ff39f0 of 68 bytes failed: Only part of a ReadProcessMemory or WriteProcessMemory request was completed. (0x12B)
[1016/095250.779:ERROR:process_memory_win.cc(73)] ReadMemory at 0x22583ff4a60 of 132 bytes failed: Only part of a ReadProcessMemory or WriteProcessMemory request was completed. (0x12B)
[1016/095250.779:ERROR:process_memory_win.cc(73)] ReadMemory at 0x22583ff4b90 of 150 bytes failed: Only part of a ReadProcessMemory or WriteProcessMemory request was completed. (0x12B)
[1016/095250.779:ERROR:process_memory_win.cc(73)] ReadMemory at 0x22583ff59e0 of 62 bytes failed: Only part of a ReadProcessMemory or WriteProcessMemory request was completed. (0x12B)
[1016/095250.779:ERROR:process_memory_win.cc(73)] ReadMemory at 0x22583ff6010 of 132 bytes failed: Only part of a ReadProcessMemory or WriteProcessMemory request was completed. (0x12B)
[1016/095250.779:ERROR:process_memory_win.cc(73)] ReadMemory at 0x22583ff6140 of 60 bytes failed: Only part of a ReadProcessMemory or WriteProcessMemory request was completed. (0x12B)
[1016/095250.779:ERROR:process_memory_win.cc(73)] ReadMemory at 0x22583ff9960 of 54 bytes failed: Only part of a ReadProcessMemory or WriteProcessMemory request was completed. (0x12B)
[1016/095250.779:ERROR:process_memory_win.cc(73)] ReadMemory at 0x22583ffffe0 of 60 bytes failed: Only part of a ReadProcessMemory or WriteProcessMemory request was completed. (0x12B)
[1016/095250.779:ERROR:process_memory_win.cc(73)] ReadMemory at 0x225840000d0 of 64 bytes failed: Only part of a ReadProcessMemory or WriteProcessMemory request was completed. (0x12B)
[1016/095250.779:ERROR:process_memory_win.cc(73)] ReadMemory at 0x22584000350 of 62 bytes failed: Only part of a ReadProcessMemory or WriteProcessMemory request was completed. (0x12B)
[1016/095250.779:ERROR:process_memory_win.cc(73)] ReadMemory at 0x22584002990 of 76 bytes failed: Only part of a ReadProcessMemory or WriteProcessMemory request was completed. (0x12B)
[1016/095250.779:ERROR:process_memory_win.cc(73)] ReadMemory at 0x22584002a50 of 80 bytes failed: Only part of a ReadProcessMemory or WriteProcessMemory request was completed. (0x12B)
[1016/095250.779:ERROR:process_memory_win.cc(73)] ReadMemory at 0x22584002ab0 of 80 bytes failed: Only part of a ReadProcessMemory or WriteProcessMemory request was completed. (0x12B)
[1016/095250.779:ERROR:process_memory_win.cc(73)] ReadMemory at 0x225840033a0 of 142 bytes failed: Only part of a ReadProcessMemory or WriteProcessMemory request was completed. (0x12B)
[1016/095250.779:ERROR:process_memory_win.cc(73)] ReadMemory at 0x22584003650 of 132 bytes failed: Only part of a ReadProcessMemory or WriteProcessMemory request was completed. (0x12B)
[1016/095250.779:ERROR:process_memory_win.cc(73)] ReadMemory at 0x22584003970 of 132 bytes failed: Only part of a ReadProcessMemory or WriteProcessMemory request was completed. (0x12B)
[1016/095250.779:ERROR:process_memory_win.cc(73)] ReadMemory at 0x22584003b90 of 132 bytes failed: Only part of a ReadProcessMemory or WriteProcessMemory request was completed. (0x12B)
[1016/095250.779:ERROR:process_memory_win.cc(73)] ReadMemory at 0x22584003fa0 of 132 bytes failed: Only part of a ReadProcessMemory or WriteProcessMemory request was completed. (0x12B)
[1016/095250.779:ERROR:process_memory_win.cc(73)] ReadMemory at 0x22584005220 of 132 bytes failed: Only part of a ReadProcessMemory or WriteProcessMemory request was completed. (0x12B)
[1016/095250.779:ERROR:process_memory_win.cc(73)] ReadMemory at 0x22584005480 of 132 bytes failed: Only part of a ReadProcessMemory or WriteProcessMemory request was completed. (0x12B)
[1016/095250.779:ERROR:process_memory_win.cc(73)] ReadMemory at 0x225840055b0 of 132 bytes failed: Only part of a ReadProcessMemory or WriteProcessMemory request was completed. (0x12B)
[1016/095250.779:ERROR:process_memory_win.cc(73)] ReadMemory at 0x225840056e0 of 132 bytes failed: Only part of a ReadProcessMemory or WriteProcessMemory request was completed. (0x12B)
[1016/095250.779:ERROR:process_memory_win.cc(73)] ReadMemory at 0x22584005810 of 132 bytes failed: Only part of a ReadProcessMemory or WriteProcessMemory request was completed. (0x12B)
[1016/095250.779:ERROR:process_memory_win.cc(73)] ReadMemory at 0x22584005940 of 132 bytes failed: Only part of a ReadProcessMemory or WriteProcessMemory request was completed. (0x12B)
[1016/095250.779:ERROR:process_memory_win.cc(73)] ReadMemory at 0x22584005a70 of 132 bytes failed: Only part of a ReadProcessMemory or WriteProcessMemory request was completed. (0x12B)
[1016/095250.779:ERROR:process_memory_win.cc(73)] ReadMemory at 0x22584005ba0 of 132 bytes failed: Only part of a ReadProcessMemory or WriteProcessMemory request was completed. (0x12B)
[1016/095250.779:ERROR:process_memory_win.cc(73)] ReadMemory at 0x22584005cd0 of 132 bytes failed: Only part of a ReadProcessMemory or WriteProcessMemory request was completed. (0x12B)
[1016/095250.779:ERROR:process_memory_win.cc(73)] ReadMemory at 0x22584005e00 of 132 bytes failed: Only part of a ReadProcessMemory or WriteProcessMemory request was completed. (0x12B)
[1016/095250.779:ERROR:process_memory_win.cc(73)] ReadMemory at 0x22584005f30 of 132 bytes failed: Only part of a ReadProcessMemory or WriteProcessMemory request was completed. (0x12B)
[1016/095250.779:ERROR:process_memory_win.cc(73)] ReadMemory at 0x22584006060 of 132 bytes failed: Only part of a ReadProcessMemory or WriteProcessMemory request was completed. (0x12B)
[1016/095250.779:ERROR:process_memory_win.cc(73)] ReadMemory at 0x22584006190 of 132 bytes failed: Only part of a ReadProcessMemory or WriteProcessMemory request was completed. (0x12B)
[1016/095250.779:ERROR:process_memory_win.cc(73)] ReadMemory at 0x225840062c0 of 132 bytes failed: Only part of a ReadProcessMemory or WriteProcessMemory request was completed. (0x12B)
[1016/095250.779:ERROR:process_memory_win.cc(73)] ReadMemory at 0x22584007550 of 132 bytes failed: Only part of a ReadProcessMemory or WriteProcessMemory request was completed. (0x12B)
[1016/095250.779:ERROR:process_memory_win.cc(73)] ReadMemory at 0x22584007680 of 132 bytes failed: Only part of a ReadProcessMemory or WriteProcessMemory request was completed. (0x12B)
[1016/095250.779:ERROR:process_memory_win.cc(73)] ReadMemory at 0x22584007890 of 132 bytes failed: Only part of a ReadProcessMemory or WriteProcessMemory request was completed. (0x12B)
[1016/095250.779:ERROR:process_memory_win.cc(73)] ReadMemory at 0x2258400b990 of 60 bytes failed: Only part of a ReadProcessMemory or WriteProcessMemory request was completed. (0x12B)
[1016/095250.779:ERROR:process_memory_win.cc(73)] ReadMemory at 0x2258400bad0 of 62 bytes failed: Only part of a ReadProcessMemory or WriteProcessMemory request was completed. (0x12B)
[1016/095250.779:ERROR:process_memory_win.cc(73)] ReadMemory at 0x2258400bb20 of 64 bytes failed: Only part of a ReadProcessMemory or WriteProcessMemory request was completed. (0x12B)
[1016/095250.779:ERROR:process_memory_win.cc(73)] ReadMemory at 0x2258400bb70 of 62 bytes failed: Only part of a ReadProcessMemory or WriteProcessMemory request was completed. (0x12B)
[1016/095250.787:ERROR:process_memory_win.cc(73)] ReadMemory at 0x2258400bbc0 of 62 bytes failed: Only part of a ReadProcessMemory or WriteProcessMemory request was completed. (0x12B)
[1016/095250.787:ERROR:process_memory_win.cc(73)] ReadMemory at 0x2258400bc10 of 62 bytes failed: Only part of a ReadProcessMemory or WriteProcessMemory request was completed. (0x12B)
[1016/095250.787:ERROR:process_memory_win.cc(73)] ReadMemory at 0x2258400bc60 of 64 bytes failed: Only part of a ReadProcessMemory or WriteProcessMemory request was completed. (0x12B)
[1016/095250.787:ERROR:process_memory_win.cc(73)] ReadMemory at 0x2258400bdf0 of 60 bytes failed: Only part of a ReadProcessMemory or WriteProcessMemory request was completed. (0x12B)
[1016/095250.787:ERROR:process_memory_win.cc(73)] ReadMemory at 0x2258400be40 of 64 bytes failed: Only part of a ReadProcessMemory or WriteProcessMemory request was completed. (0x12B)
[1016/095250.787:ERROR:process_memory_win.cc(73)] ReadMemory at 0x2258400bee0 of 66 bytes failed: Only part of a ReadProcessMemory or WriteProcessMemory request was completed. (0x12B)
[1016/095250.787:ERROR:process_memory_win.cc(73)] ReadMemory at 0x2258400bf30 of 58 bytes failed: Only part of a ReadProcessMemory or WriteProcessMemory request was completed. (0x12B)
[1016/095250.787:ERROR:process_memory_win.cc(73)] ReadMemory at 0x2258400bfd0 of 64 bytes failed: Only part of a ReadProcessMemory or WriteProcessMemory request was completed. (0x12B)
[1016/095250.787:ERROR:process_memory_win.cc(73)] ReadMemory at 0x2258400c020 of 62 bytes failed: Only part of a ReadProcessMemory or WriteProcessMemory request was completed. (0x12B)
[1016/095250.788:ERROR:process_memory_win.cc(73)] ReadMemory at 0x2258400c070 of 64 bytes failed: Only part of a ReadProcessMemory or WriteProcessMemory request was completed. (0x12B)
[1016/095250.788:ERROR:process_memory_win.cc(73)] ReadMemory at 0x2258400c0c0 of 60 bytes failed: Only part of a ReadProcessMemory or WriteProcessMemory request was completed. (0x12B)
[1016/095250.788:ERROR:process_memory_win.cc(73)] ReadMemory at 0x2258400c160 of 62 bytes failed: Only part of a ReadProcessMemory or WriteProcessMemory request was completed. (0x12B)
[1016/095250.788:ERROR:process_memory_win.cc(73)] ReadMemory at 0x2258400c250 of 64 bytes failed: Only part of a ReadProcessMemory or WriteProcessMemory request was completed. (0x12B)
[1016/095250.788:ERROR:process_memory_win.cc(73)] ReadMemory at 0x2258400c2a0 of 62 bytes failed: Only part of a ReadProcessMemory or WriteProcessMemory request was completed. (0x12B)
[1016/095250.788:ERROR:process_memory_win.cc(73)] ReadMemory at 0x2258400c340 of 60 bytes failed: Only part of a ReadProcessMemory or WriteProcessMemory request was completed. (0x12B)
[1016/095250.788:ERROR:process_memory_win.cc(73)] ReadMemory at 0x2258400c3e0 of 60 bytes failed: Only part of a ReadProcessMemory or WriteProcessMemory request was completed. (0x12B)
[1016/095250.788:ERROR:process_memory_win.cc(73)] ReadMemory at 0x2258400c480 of 62 bytes failed: Only part of a ReadProcessMemory or WriteProcessMemory request was completed. (0x12B)
[1016/095250.788:ERROR:process_memory_win.cc(73)] ReadMemory at 0x2258400c4d0 of 62 bytes failed: Only part of a ReadProcessMemory or WriteProcessMemory request was completed. (0x12B)
[1016/095250.788:ERROR:process_memory_win.cc(73)] ReadMemory at 0x2258400c520 of 66 bytes failed: Only part of a ReadProcessMemory or WriteProcessMemory request was completed. (0x12B)
[1016/095250.788:ERROR:process_memory_win.cc(73)] ReadMemory at 0x2258400c8e0 of 64 bytes failed: Only part of a ReadProcessMemory or WriteProcessMemory request was completed. (0x12B)
[1016/095250.788:ERROR:process_memory_win.cc(73)] ReadMemory at 0x2258400eb90 of 132 bytes failed: Only part of a ReadProcessMemory or WriteProcessMemory request was completed. (0x12B)
[1016/095250.788:ERROR:process_memory_win.cc(73)] ReadMemory at 0x2258400f830 of 132 bytes failed: Only part of a ReadProcessMemory or WriteProcessMemory request was completed. (0x12B)
[1016/095250.788:ERROR:process_memory_win.cc(73)] ReadMemory at 0x2258400fa90 of 132 bytes failed: Only part of a ReadProcessMemory or WriteProcessMemory request was completed. (0x12B)
[1016/095250.788:ERROR:process_memory_win.cc(73)] ReadMemory at 0x2258400fbc0 of 132 bytes failed: Only part of a ReadProcessMemory or WriteProcessMemory request was completed. (0x12B)
[1016/095250.788:ERROR:process_memory_win.cc(73)] ReadMemory at 0x2258400fcf0 of 132 bytes failed: Only part of a ReadProcessMemory or WriteProcessMemory request was completed. (0x12B)
[1016/095250.788:ERROR:process_memory_win.cc(73)] ReadMemory at 0x2258400fe20 of 132 bytes failed: Only part of a ReadProcessMemory or WriteProcessMemory request was completed. (0x12B)
[1016/095250.788:ERROR:process_memory_win.cc(73)] ReadMemory at 0x2258400ff50 of 132 bytes failed: Only part of a ReadProcessMemory or WriteProcessMemory request was completed. (0x12B)
[1016/095250.788:ERROR:process_memory_win.cc(73)] ReadMemory at 0x22584010080 of 132 bytes failed: Only part of a ReadProcessMemory or WriteProcessMemory request was completed. (0x12B)
[1016/095250.788:ERROR:process_memory_win.cc(73)] ReadMemory at 0x225840101b0 of 132 bytes failed: Only part of a ReadProcessMemory or WriteProcessMemory request was completed. (0x12B)
[1016/095250.788:ERROR:process_memory_win.cc(73)] ReadMemory at 0x22584010410 of 132 bytes failed: Only part of a ReadProcessMemory or WriteProcessMemory request was completed. (0x12B)
[1016/095250.788:ERROR:process_memory_win.cc(73)] ReadMemory at 0x22584010540 of 132 bytes failed: Only part of a ReadProcessMemory or WriteProcessMemory request was completed. (0x12B)
[1016/095250.788:ERROR:process_memory_win.cc(73)] ReadMemory at 0x22584010670 of 132 bytes failed: Only part of a ReadProcessMemory or WriteProcessMemory request was completed. (0x12B)
[1016/095250.788:ERROR:process_memory_win.cc(73)] ReadMemory at 0x225840107a0 of 132 bytes failed: Only part of a ReadProcessMemory or WriteProcessMemory request was completed. (0x12B)
[1016/095250.788:ERROR:process_memory_win.cc(73)] ReadMemory at 0x225840108d0 of 132 bytes failed: Only part of a ReadProcessMemory or WriteProcessMemory request was completed. (0x12B)
[1016/095250.788:ERROR:process_memory_win.cc(73)] ReadMemory at 0x22584011380 of 132 bytes failed: Only part of a ReadProcessMemory or WriteProcessMemory request was completed. (0x12B)
[1016/095250.788:ERROR:process_memory_win.cc(73)] ReadMemory at 0x225840114b0 of 132 bytes failed: Only part of a ReadProcessMemory or WriteProcessMemory request was completed. (0x12B)
[1016/095250.788:ERROR:process_memory_win.cc(73)] ReadMemory at 0x225840115e0 of 132 bytes failed: Only part of a ReadProcessMemory or WriteProcessMemory request was completed. (0x12B)
[1016/095250.788:ERROR:process_memory_win.cc(73)] ReadMemory at 0x2258401e900 of 512 bytes failed: Only part of a ReadProcessMemory or WriteProcessMemory request was completed. (0x12B)
[1016/095250.788:ERROR:process_memory_win.cc(73)] ReadMemory at 0x2258405b3f0 of 66 bytes failed: Only part of a ReadProcessMemory or WriteProcessMemory request was completed. (0x12B)
[1016/095250.788:ERROR:process_memory_win.cc(73)] ReadMemory at 0x22584068130 of 62 bytes failed: Only part of a ReadProcessMemory or WriteProcessMemory request was completed. (0x12B)
[1016/095250.788:ERROR:process_memory_win.cc(73)] ReadMemory at 0x225840681d0 of 70 bytes failed: Only part of a ReadProcessMemory or WriteProcessMemory request was completed. (0x12B)
[1016/095250.788:ERROR:process_memory_win.cc(73)] ReadMemory at 0x22584068270 of 60 bytes failed: Only part of a ReadProcessMemory or WriteProcessMemory request was completed. (0x12B)
[1016/095250.788:ERROR:process_memory_win.cc(73)] ReadMemory at 0x2258406f9e0 of 72 bytes failed: Only part of a ReadProcessMemory or WriteProcessMemory request was completed. (0x12B)
[1016/095250.788:ERROR:process_memory_win.cc(73)] ReadMemory at 0x225840731f0 of 54 bytes failed: Only part of a ReadProcessMemory or WriteProcessMemory request was completed. (0x12B)
[1016/095250.788:ERROR:process_memory_win.cc(73)] ReadMemory at 0x22584077af0 of 512 bytes failed: Only part of a ReadProcessMemory or WriteProcessMemory request was completed. (0x12B)
[1016/095250.788:ERROR:process_memory_win.cc(73)] ReadMemory at 0x225840791e0 of 62 bytes failed: Only part of a ReadProcessMemory or WriteProcessMemory request was completed. (0x12B)
[1016/095250.788:ERROR:process_memory_win.cc(73)] ReadMemory at 0x22584079410 of 58 bytes failed: Only part of a ReadProcessMemory or WriteProcessMemory request was completed. (0x12B)
[1016/095250.788:ERROR:process_memory_win.cc(73)] ReadMemory at 0x22584079b90 of 64 bytes failed: Only part of a ReadProcessMemory or WriteProcessMemory request was completed. (0x12B)
[1016/095250.788:ERROR:process_memory_win.cc(73)] ReadMemory at 0x2258407d300 of 132 bytes failed: Only part of a ReadProcessMemory or WriteProcessMemory request was completed. (0x12B)
[1016/095250.788:ERROR:process_memory_win.cc(73)] ReadMemory at 0x2258407e140 of 132 bytes failed: Only part of a ReadProcessMemory or WriteProcessMemory request was completed. (0x12B)
[1016/095250.788:ERROR:process_memory_win.cc(73)] ReadMemory at 0x2258407e270 of 132 bytes failed: Only part of a ReadProcessMemory or WriteProcessMemory request was completed. (0x12B)
[1016/095250.788:ERROR:process_memory_win.cc(73)] ReadMemory at 0x22584081e80 of 512 bytes failed: Only part of a ReadProcessMemory or WriteProcessMemory request was completed. (0x12B)
[1016/095250.788:ERROR:process_memory_win.cc(73)] ReadMemory at 0x22584082580 of 512 bytes failed: Only part of a ReadProcessMemory or WriteProcessMemory request was completed. (0x12B)
[1016/095250.788:ERROR:process_memory_win.cc(73)] ReadMemory at 0x2258409a640 of 512 bytes failed: Only part of a ReadProcessMemory or WriteProcessMemory request was completed. (0x12B)
[1016/095250.788:ERROR:process_memory_win.cc(73)] ReadMemory at 0x2258409c588 of 512 bytes failed: Only part of a ReadProcessMemory or WriteProcessMemory request was completed. (0x12B)
[1016/095250.788:ERROR:process_memory_win.cc(73)] ReadMemory at 0x225840a1ef0 of 512 bytes failed: Only part of a ReadProcessMemory or WriteProcessMemory request was completed. (0x12B)
[1016/095250.788:ERROR:process_memory_win.cc(73)] ReadMemory at 0x225840c9950 of 712 bytes failed: Only part of a ReadProcessMemory or WriteProcessMemory request was completed. (0x12B)
[1016/095250.788:ERROR:process_memory_win.cc(73)] ReadMemory at 0x225841c00d0 of 512 bytes failed: Only part of a ReadProcessMemory or WriteProcessMemory request was completed. (0x12B)
[1016/095250.788:ERROR:process_memory_win.cc(73)] ReadMemory at 0x225841c2f80 of 512 bytes failed: Only part of a ReadProcessMemory or WriteProcessMemory request was completed. (0x12B)
[1016/095250.788:ERROR:process_memory_win.cc(73)] ReadMemory at 0x225841c5680 of 512 bytes failed: Only part of a ReadProcessMemory or WriteProcessMemory request was completed. (0x12B)
[1016/095250.788:ERROR:process_memory_win.cc(73)] ReadMemory at 0x22585ac0000 of 384 bytes failed: Only part of a ReadProcessMemory or WriteProcessMemory request was completed. (0x12B)
[1016/095250.788:ERROR:process_memory_win.cc(73)] ReadMemory at 0x22585ac1a10 of 512 bytes failed: Only part of a ReadProcessMemory or WriteProcessMemory request was completed. (0x12B)
[1016/095250.788:ERROR:process_memory_win.cc(73)] ReadMemory at 0x22585be4cc0 of 512 bytes failed: Only part of a ReadProcessMemory or WriteProcessMemory request was completed. (0x12B)
[1016/095250.788:ERROR:process_memory_win.cc(73)] ReadMemory at 0x47ea90a08ac0 of 512 bytes failed: Only part of a ReadProcessMemory or WriteProcessMemory request was completed. (0x12B)
[1016/095250.788:ERROR:process_memory_win.cc(73)] ReadMemory at 0x47ea90a942e8 of 512 bytes failed: Only part of a ReadProcessMemory or WriteProcessMemory request was completed. (0x12B)
[1016/095250.788:ERROR:process_memory_win.cc(73)] ReadMemory at 0x7ffac18cba22 of 512 bytes failed: Only part of a ReadProcessMemory or WriteProcessMemory request was completed. (0x12B)
[1016/095250.788:ERROR:process_memory_win.cc(73)] ReadMemory at 0x7ffac410e17c of 512 bytes failed: Only part of a ReadProcessMemory or WriteProcessMemory request was completed. (0x12B)
[1016/095250.788:ERROR:process_memory_win.cc(73)] ReadMemory at 0x7ffac50daf41 of 512 bytes failed: Only part of a ReadProcessMemory or WriteProcessMemory request was completed. (0x12B)
[1016/095250.788:ERROR:process_memory_win.cc(73)] ReadMemory at 0x7ffac93e49d0 of 512 bytes failed: Only part of a ReadProcessMemory or WriteProcessMemory request was completed. (0x12B)
[1016/095250.788:ERROR:process_memory_win.cc(73)] ReadMemory at 0x7ffb1a9ed700 of 512 bytes failed: Only part of a ReadProcessMemory or WriteProcessMemory request was completed. (0x12B)
[1016/095250.788:ERROR:process_memory_win.cc(73)] ReadMemory at 0x7ffb1d7dc0c4 of 672 bytes failed: Only part of a ReadProcessMemory or WriteProcessMemory request was completed. (0x12B)
[1016/095250.788:ERROR:process_memory_win.cc(73)] ReadMemory at 0x7ffb1d7dc6c4 of 512 bytes failed: Only part of a ReadProcessMemory or WriteProcessMemory request was completed. (0x12B)
[1016/095250.788:ERROR:process_memory_win.cc(73)] ReadMemory at 0x7ffb1d7df974 of 608 bytes failed: Only part of a ReadProcessMemory or WriteProcessMemory request was completed. (0x12B)
[1016/095250.788:ERROR:process_memory_win.cc(73)] ReadMemory at 0x7ffb1d86c428 of 18 bytes failed: Only part of a ReadProcessMemory or WriteProcessMemory request was completed. (0x12B)
[1016/095250.788:ERROR:process_memory_win.cc(73)] ReadMemory at 0x7ffb1d89f4f8 of 40 bytes failed: Only part of a ReadProcessMemory or WriteProcessMemory request was completed. (0x12B)
[1016/095250.788:ERROR:process_memory_win.cc(73)] ReadMemory at 0x7ffb1d89f978 of 48 bytes failed: Only part of a ReadProcessMemory or WriteProcessMemory request was completed. (0x12B)
[1016/095250.788:ERROR:process_memory_win.cc(73)] ReadMemory at 0x7ffb1d8a53c0 of 64 bytes failed: Only part of a ReadProcessMemory or WriteProcessMemory request was completed. (0x12B)
[1016/095250.788:ERROR:scoped_process_suspend.cc(40)] NtResumeProcess: An attempt was made to access an exiting process. (0xc000010a)
